2026-06-27 19:05:02:INFO: Process 5880: Fetching data for BTCUSDT
2026-06-27 19:05:02:INFO: Process 16604: Fetching data for ETHUSDT
2026-06-27 19:05:02:INFO: Process 6176: Fetching data for BNBUSDT
2026-06-27 19:05:02:INFO: Process 19024: Fetching data for XRPUSDT
2026-06-27 19:05:02:INFO: Process 25472: Fetching data for ADAUSDT
2026-06-27 19:05:02:INFO: Process 16776: Fetching data for SOLUSDT
2026-06-27 19:05:02:INFO: Process 21912: Fetching data for DOGEUSDT
2026-06-27 19:05:03:INFO: Process 2916: Fetching data for DOTUSDT
2026-06-27 19:05:03:INFO: Process 2024: Fetching data for MATICUSDT
2026-06-27 19:05:03:INFO: Process 22496: Fetching data for LTCUSDT
2026-06-27 19:05:04:INFO: Process 16604: Completed ETHUSDT - 1000 records
2026-06-27 19:05:04:INFO: Process 5880: Completed BTCUSDT - 1000 records
2026-06-27 19:05:04:INFO: Process 2916: Completed DOTUSDT - 1000 records
2026-06-27 19:05:04:INFO: Process 21912: Completed DOGEUSDT - 1000 records
2026-06-27 19:05:04:INFO: Process 16776: Completed SOLUSDT - 1000 records
2026-06-27 19:05:04:INFO: Process 19024: Completed XRPUSDT - 1000 records
2026-06-27 19:05:04:INFO: Process 2024: Completed MATICUSDT - 1000 records
2026-06-27 19:05:04:INFO: Process 6176: Completed BNBUSDT - 1000 records
2026-06-27 19:05:04:INFO: Process 22496: Completed LTCUSDT - 1000 records
2026-06-27 19:05:04:INFO: Process 25472: Completed ADAUSDT - 1000 records
